
2월 27, 2024 12:39:31.01 NEW SESSION
2월 27, 2024 12:39:31.02 INFO: Created TensorFlow Lite XNNPACK delegate for CPU.
2월 27, 2024 14:22:59.07 INFO: Created TensorFlow Lite XNNPACK delegate for CPU.
2월 27, 2024 14:29:45.56 INFO: Created TensorFlow Lite XNNPACK delegate for CPU.
2월 27, 2024 14:33:59.89 INFO: Created TensorFlow Lite XNNPACK delegate for CPU.
2월 27, 2024 15:11:03.84 INFO: Created TensorFlow Lite XNNPACK delegate for CPU.
2월 27, 2024 15:20:05.50 INFO: Created TensorFlow Lite XNNPACK delegate for CPU.
2월 27, 2024 16:08:34.32 INFO: Created TensorFlow Lite XNNPACK delegate for CPU.
2월 27, 2024 16:19:12.23 INFO: Created TensorFlow Lite XNNPACK delegate for CPU.
2월 27, 2024 16:19:30.20 INFO: Created TensorFlow Lite XNNPACK delegate for CPU.
2월 27, 2024 16:19:53.59 INFO: Created TensorFlow Lite XNNPACK delegate for CPU.
2월 27, 2024 16:20:11.91 INFO: Created TensorFlow Lite XNNPACK delegate for CPU.
2월 27, 2024 16:31:19.79 INFO: Created TensorFlow Lite XNNPACK delegate for CPU.
2월 27, 2024 16:32:33.42 INFO: Created TensorFlow Lite XNNPACK delegate for CPU.
2월 27, 2024 16:36:43.26 INFO: Created TensorFlow Lite XNNPACK delegate for CPU.
2월 27, 2024 16:43:45.96 INFO: Created TensorFlow Lite XNNPACK delegate for CPU.
2월 27, 2024 16:45:22.46 INFO: Created TensorFlow Lite XNNPACK delegate for CPU.
2월 27, 2024 17:08:58.93 INFO: Created TensorFlow Lite XNNPACK delegate for CPU.
2월 27, 2024 17:09:46.75 INFO: Created TensorFlow Lite XNNPACK delegate for CPU.
2월 27, 2024 17:12:24.63 INFO: Created TensorFlow Lite XNNPACK delegate for CPU.
2월 27, 2024 17:22:34.03 INFO: Created TensorFlow Lite XNNPACK delegate for CPU.
2월 27, 2024 17:36:26.88 INFO: Created TensorFlow Lite XNNPACK delegate for CPU.

2월 28, 2024 09:45:17.83 NEW SESSION
2월 28, 2024 09:45:17.84 INFO: Created TensorFlow Lite XNNPACK delegate for CPU.
2월 28, 2024 09:59:27.02 INFO: Created TensorFlow Lite XNNPACK delegate for CPU.
2월 28, 2024 10:02:20.21 INFO: Created TensorFlow Lite XNNPACK delegate for CPU.
2월 28, 2024 10:08:16.93 INFO: Created TensorFlow Lite XNNPACK delegate for CPU.
2월 28, 2024 10:10:05.67 INFO: Created TensorFlow Lite XNNPACK delegate for CPU.
2월 28, 2024 10:11:27.18 INFO: Created TensorFlow Lite XNNPACK delegate for CPU.
2월 28, 2024 10:12:16.64 INFO: Created TensorFlow Lite XNNPACK delegate for CPU.
2월 28, 2024 10:12:42.19 INFO: Created TensorFlow Lite XNNPACK delegate for CPU.
2월 28, 2024 10:19:13.17 INFO: Created TensorFlow Lite XNNPACK delegate for CPU.
2월 28, 2024 10:20:12.23 INFO: Created TensorFlow Lite XNNPACK delegate for CPU.
2월 28, 2024 10:20:29.04 INFO: Created TensorFlow Lite XNNPACK delegate for CPU.
2월 28, 2024 10:50:09.31 INFO: Created TensorFlow Lite XNNPACK delegate for CPU.
2월 28, 2024 10:50:33.52 INFO: Created TensorFlow Lite XNNPACK delegate for CPU.
2월 28, 2024 11:16:17.72 INFO: Created TensorFlow Lite XNNPACK delegate for CPU.
2월 28, 2024 11:28:38.55 INFO: Created TensorFlow Lite XNNPACK delegate for CPU.
2월 28, 2024 12:30:08.95 INFO: Created TensorFlow Lite XNNPACK delegate for CPU.

2월 28, 2024 14:26:59.80 NEW SESSION
2월 28, 2024 14:26:59.80 INFO: Created TensorFlow Lite XNNPACK delegate for CPU.
2월 28, 2024 14:27:38.91 INFO: Created TensorFlow Lite XNNPACK delegate for CPU.
2월 28, 2024 14:29:16.14 INFO: Created TensorFlow Lite XNNPACK delegate for CPU.
2월 28, 2024 14:30:02.89 INFO: Created TensorFlow Lite XNNPACK delegate for CPU.
2월 28, 2024 14:30:41.57 INFO: Created TensorFlow Lite XNNPACK delegate for CPU.
2월 28, 2024 14:46:22.82 INFO: Created TensorFlow Lite XNNPACK delegate for CPU.
2월 28, 2024 14:46:59.36 INFO: Created TensorFlow Lite XNNPACK delegate for CPU.
2월 28, 2024 14:52:10.77 INFO: Created TensorFlow Lite XNNPACK delegate for CPU.
2월 28, 2024 15:18:25.23 INFO: Created TensorFlow Lite XNNPACK delegate for CPU.
2월 28, 2024 15:19:02.87 INFO: Created TensorFlow Lite XNNPACK delegate for CPU.
2월 28, 2024 15:27:19.81 INFO: Created TensorFlow Lite XNNPACK delegate for CPU.
2월 28, 2024 15:28:23.50 INFO: Created TensorFlow Lite XNNPACK delegate for CPU.
2월 28, 2024 15:28:34.57 INFO: Created TensorFlow Lite XNNPACK delegate for CPU.
2월 28, 2024 15:29:04.70 INFO: Created TensorFlow Lite XNNPACK delegate for CPU.
2월 28, 2024 15:32:11.43 INFO: Created TensorFlow Lite XNNPACK delegate for CPU.
2월 28, 2024 15:32:51.28 INFO: Created TensorFlow Lite XNNPACK delegate for CPU.
2월 28, 2024 15:34:01.26 INFO: Created TensorFlow Lite XNNPACK delegate for CPU.
2월 28, 2024 15:34:24.58 INFO: Created TensorFlow Lite XNNPACK delegate for CPU.
2월 28, 2024 16:06:15.38 INFO: Created TensorFlow Lite XNNPACK delegate for CPU.
2월 28, 2024 16:23:02.17 INFO: Created TensorFlow Lite XNNPACK delegate for CPU.
2월 28, 2024 16:30:10.01 INFO: Created TensorFlow Lite XNNPACK delegate for CPU.

2월 29, 2024 09:22:31.38 NEW SESSION
2월 29, 2024 09:22:31.38 INFO: Created TensorFlow Lite XNNPACK delegate for CPU.
2월 29, 2024 09:34:52.01 INFO: Created TensorFlow Lite XNNPACK delegate for CPU.
2월 29, 2024 09:38:27.41 INFO: Created TensorFlow Lite XNNPACK delegate for CPU.
2월 29, 2024 10:35:36.31 INFO: Created TensorFlow Lite XNNPACK delegate for CPU.
2월 29, 2024 11:13:01.00 INFO: Created TensorFlow Lite XNNPACK delegate for CPU.
2월 29, 2024 11:45:15.55 INFO: Created TensorFlow Lite XNNPACK delegate for CPU.
2월 29, 2024 14:13:49.63 INFO: Created TensorFlow Lite XNNPACK delegate for CPU.
2월 29, 2024 15:06:24.86 INFO: Created TensorFlow Lite XNNPACK delegate for CPU.
2월 29, 2024 15:26:49.66 INFO: Created TensorFlow Lite XNNPACK delegate for CPU.
2월 29, 2024 16:19:46.81 INFO: Created TensorFlow Lite XNNPACK delegate for CPU.
2월 29, 2024 16:36:24.26 INFO: Created TensorFlow Lite XNNPACK delegate for CPU.
2월 29, 2024 16:41:30.25 INFO: Created TensorFlow Lite XNNPACK delegate for CPU.

3월 04, 2024 09:25:18.56 NEW SESSION
3월 04, 2024 09:25:18.57 INFO: Created TensorFlow Lite XNNPACK delegate for CPU.
3월 04, 2024 09:36:07.03 INFO: Created TensorFlow Lite XNNPACK delegate for CPU.
3월 04, 2024 09:39:53.72 INFO: Created TensorFlow Lite XNNPACK delegate for CPU.
3월 04, 2024 09:40:23.91 INFO: Created TensorFlow Lite XNNPACK delegate for CPU.
3월 04, 2024 09:40:55.25 INFO: Created TensorFlow Lite XNNPACK delegate for CPU.
3월 04, 2024 10:02:47.25 [10208:11956:0304/100247.254:ERROR:interface_endpoint_client.cc(707)] Message 1 rejected by interface blink.mojom.WidgetHost
3월 04, 2024 10:02:47.35 [10208:11956:0304/100247.351:ERROR:page_load_metrics_update_dispatcher.cc(179)] Invalid first_paint (unset) for first_image_paint 0.179 s
3월 04, 2024 10:02:47.46 [10208:11956:0304/100247.461:ERROR:page_load_metrics_update_dispatcher.cc(179)] Invalid first_paint 0.196 s for first_image_paint 0.179 s
3월 04, 2024 10:02:47.70 [10208:11956:0304/100247.708:ERROR:page_load_metrics_update_dispatcher.cc(179)] Invalid first_paint 0.196 s for first_image_paint 0.179 s
3월 04, 2024 10:02:47.88 [10208:11956:0304/100247.881:ERROR:page_load_metrics_update_dispatcher.cc(179)] Invalid first_paint 0.196 s for first_image_paint 0.179 s
3월 04, 2024 10:02:48.02 [10208:11956:0304/100248.022:ERROR:page_load_metrics_update_dispatcher.cc(179)] Invalid first_paint 0.196 s for first_image_paint 0.179 s
3월 04, 2024 10:02:48.16 [10208:11956:0304/100248.167:ERROR:page_load_metrics_update_dispatcher.cc(179)] Invalid first_paint 0.196 s for first_image_paint 0.179 s
3월 04, 2024 10:02:48.30 [10208:11956:0304/100248.301:ERROR:page_load_metrics_update_dispatcher.cc(179)] Invalid first_paint 0.196 s for first_image_paint 0.179 s
3월 04, 2024 10:02:48.85 [10208:11956:0304/100248.853:ERROR:page_load_metrics_update_dispatcher.cc(179)] Invalid first_paint 0.196 s for first_image_paint 0.179 s
3월 04, 2024 10:02:50.87 [10208:11956:0304/100250.871:ERROR:page_load_metrics_update_dispatcher.cc(179)] Invalid first_paint 0.196 s for first_image_paint 0.179 s
3월 04, 2024 10:02:51.00 [10208:11956:0304/100251.004:ERROR:page_load_metrics_update_dispatcher.cc(179)] Invalid first_paint 0.196 s for first_image_paint 0.179 s
3월 04, 2024 10:02:51.38 [10208:11956:0304/100251.386:ERROR:page_load_metrics_update_dispatcher.cc(179)] Invalid first_paint 0.196 s for first_image_paint 0.179 s
3월 04, 2024 10:02:51.50 [10208:11956:0304/100251.503:ERROR:page_load_metrics_update_dispatcher.cc(179)] Invalid first_paint 0.196 s for first_image_paint 0.179 s
3월 04, 2024 10:02:51.65 [10208:11956:0304/100251.655:ERROR:page_load_metrics_update_dispatcher.cc(179)] Invalid first_paint 0.196 s for first_image_paint 0.179 s
3월 04, 2024 10:02:51.79 [10208:11956:0304/100251.795:ERROR:page_load_metrics_update_dispatcher.cc(179)] Invalid first_paint 0.196 s for first_image_paint 0.179 s
3월 04, 2024 10:02:51.89 [10208:11956:0304/100251.898:ERROR:page_load_metrics_update_dispatcher.cc(179)] Invalid first_paint 0.196 s for first_image_paint 0.179 s
3월 04, 2024 10:02:52.03 [10208:11956:0304/100252.034:ERROR:page_load_metrics_update_dispatcher.cc(179)] Invalid first_paint 0.196 s for first_image_paint 0.179 s
3월 04, 2024 10:02:53.25 [10208:11956:0304/100253.256:ERROR:page_load_metrics_update_dispatcher.cc(179)] Invalid first_paint 0.196 s for first_image_paint 0.179 s
3월 04, 2024 10:02:53.35 [10208:11956:0304/100253.358:ERROR:page_load_metrics_update_dispatcher.cc(179)] Invalid first_paint 0.196 s for first_image_paint 0.179 s
3월 04, 2024 10:02:53.47 [10208:11956:0304/100253.479:ERROR:page_load_metrics_update_dispatcher.cc(179)] Invalid first_paint 0.196 s for first_image_paint 0.179 s
3월 04, 2024 10:02:53.59 [10208:11956:0304/100253.592:ERROR:page_load_metrics_update_dispatcher.cc(179)] Invalid first_paint 0.196 s for first_image_paint 0.179 s
3월 04, 2024 10:02:53.71 [10208:11956:0304/100253.715:ERROR:page_load_metrics_update_dispatcher.cc(179)] Invalid first_paint 0.196 s for first_image_paint 0.179 s
3월 04, 2024 10:02:53.86 [10208:11956:0304/100253.866:ERROR:page_load_metrics_update_dispatcher.cc(179)] Invalid first_paint 0.196 s for first_image_paint 0.179 s
3월 04, 2024 10:02:54.22 [10208:11956:0304/100254.223:ERROR:page_load_metrics_update_dispatcher.cc(179)] Invalid first_paint 0.196 s for first_image_paint 0.179 s
3월 04, 2024 10:02:54.33 [10208:11956:0304/100254.336:ERROR:page_load_metrics_update_dispatcher.cc(179)] Invalid first_paint 0.196 s for first_image_paint 0.179 s
3월 04, 2024 10:02:56.12 [10208:11956:0304/100256.122:ERROR:page_load_metrics_update_dispatcher.cc(179)] Invalid first_paint 0.196 s for first_image_paint 0.179 s
3월 04, 2024 10:03:09.13 [10208:11956:0304/100309.137:ERROR:page_load_metrics_update_dispatcher.cc(179)] Invalid first_paint 0.196 s for first_image_paint 0.179 s
3월 04, 2024 10:03:14.14 [10208:11956:0304/100314.142:ERROR:page_load_metrics_update_dispatcher.cc(179)] Invalid first_paint 0.196 s for first_image_paint 0.179 s
3월 04, 2024 10:03:21.12 [10208:11956:0304/100321.129:ERROR:page_load_metrics_update_dispatcher.cc(179)] Invalid first_paint 0.196 s for first_image_paint 0.179 s
3월 04, 2024 10:03:35.14 [10208:11956:0304/100335.145:ERROR:page_load_metrics_update_dispatcher.cc(179)] Invalid first_paint 0.196 s for first_image_paint 0.179 s
3월 04, 2024 10:03:56.15 [10208:11956:0304/100356.151:ERROR:page_load_metrics_update_dispatcher.cc(179)] Invalid first_paint 0.196 s for first_image_paint 0.179 s
3월 04, 2024 10:04:04.12 [10208:11956:0304/100404.125:ERROR:page_load_metrics_update_dispatcher.cc(179)] Invalid first_paint 0.196 s for first_image_paint 0.179 s
3월 04, 2024 10:04:11.86 [10208:11956:0304/100411.863:ERROR:page_load_metrics_update_dispatcher.cc(179)] Invalid first_paint 0.196 s for first_image_paint 0.179 s
3월 04, 2024 10:04:16.15 [10208:11956:0304/100416.156:ERROR:page_load_metrics_update_dispatcher.cc(179)] Invalid first_paint 0.196 s for first_image_paint 0.179 s
3월 04, 2024 10:04:17.85 [10208:11956:0304/100417.856:ERROR:page_load_metrics_update_dispatcher.cc(179)] Invalid first_paint 0.196 s for first_image_paint 0.179 s
3월 04, 2024 10:04:36.22 [10208:11956:0304/100436.226:ERROR:page_load_metrics_update_dispatcher.cc(179)] Invalid first_paint 0.196 s for first_image_paint 0.179 s
3월 04, 2024 10:04:39.40 [10208:11956:0304/100439.404:ERROR:page_load_metrics_update_dispatcher.cc(179)] Invalid first_paint 0.196 s for first_image_paint 0.179 s
3월 04, 2024 10:04:56.23 [10208:11956:0304/100456.230:ERROR:page_load_metrics_update_dispatcher.cc(179)] Invalid first_paint 0.196 s for first_image_paint 0.179 s
3월 04, 2024 10:04:56.97 [10208:11956:0304/100456.969:ERROR:page_load_metrics_update_dispatcher.cc(179)] Invalid first_paint 0.196 s for first_image_paint 0.179 s
3월 04, 2024 10:05:00.31 [10208:11956:0304/100500.310:ERROR:page_load_metrics_update_dispatcher.cc(179)] Invalid first_paint 0.196 s for first_image_paint 0.179 s
3월 04, 2024 10:05:16.25 [10208:11956:0304/100516.250:ERROR:page_load_metrics_update_dispatcher.cc(179)] Invalid first_paint 0.196 s for first_image_paint 0.179 s
3월 04, 2024 10:05:18.00 [10208:11956:0304/100518.006:ERROR:page_load_metrics_update_dispatcher.cc(179)] Invalid first_paint 0.196 s for first_image_paint 0.179 s
3월 04, 2024 10:05:36.26 [10208:11956:0304/100536.261:ERROR:page_load_metrics_update_dispatcher.cc(179)] Invalid first_paint 0.196 s for first_image_paint 0.179 s
3월 04, 2024 10:05:44.34 [10208:11956:0304/100544.341:ERROR:page_load_metrics_update_dispatcher.cc(179)] Invalid first_paint 0.196 s for first_image_paint 0.179 s
3월 04, 2024 10:05:45.05 [10208:11956:0304/100545.057:ERROR:page_load_metrics_update_dispatcher.cc(179)] Invalid first_paint 0.196 s for first_image_paint 0.179 s
3월 04, 2024 10:05:56.27 [10208:11956:0304/100556.273:ERROR:page_load_metrics_update_dispatcher.cc(179)] Invalid first_paint 0.196 s for first_image_paint 0.179 s
3월 04, 2024 10:06:01.08 [10208:11956:0304/100601.081:ERROR:page_load_metrics_update_dispatcher.cc(179)] Invalid first_paint 0.196 s for first_image_paint 0.179 s
3월 04, 2024 10:06:16.29 [10208:11956:0304/100616.297:ERROR:page_load_metrics_update_dispatcher.cc(179)] Invalid first_paint 0.196 s for first_image_paint 0.179 s
3월 04, 2024 10:17:00.73 INFO: Created TensorFlow Lite XNNPACK delegate for CPU.
3월 04, 2024 10:31:08.03 INFO: Created TensorFlow Lite XNNPACK delegate for CPU.
3월 04, 2024 10:35:19.16 INFO: Created TensorFlow Lite XNNPACK delegate for CPU.
3월 04, 2024 10:35:53.43 INFO: Created TensorFlow Lite XNNPACK delegate for CPU.
3월 04, 2024 10:36:27.57 INFO: Created TensorFlow Lite XNNPACK delegate for CPU.
3월 04, 2024 11:10:01.79 INFO: Created TensorFlow Lite XNNPACK delegate for CPU.
3월 04, 2024 11:37:47.78 INFO: Created TensorFlow Lite XNNPACK delegate for CPU.
3월 04, 2024 12:16:49.20 INFO: Created TensorFlow Lite XNNPACK delegate for CPU.
3월 04, 2024 12:23:15.31 INFO: Created TensorFlow Lite XNNPACK delegate for CPU.
3월 04, 2024 12:24:31.04 INFO: Created TensorFlow Lite XNNPACK delegate for CPU.
3월 04, 2024 12:42:56.35 INFO: Created TensorFlow Lite XNNPACK delegate for CPU.
3월 04, 2024 12:44:40.27 INFO: Created TensorFlow Lite XNNPACK delegate for CPU.
3월 04, 2024 14:29:37.63 INFO: Created TensorFlow Lite XNNPACK delegate for CPU.
3월 04, 2024 14:53:35.61 INFO: Created TensorFlow Lite XNNPACK delegate for CPU.
3월 04, 2024 14:54:12.75 INFO: Created TensorFlow Lite XNNPACK delegate for CPU.
3월 04, 2024 15:09:14.83 INFO: Created TensorFlow Lite XNNPACK delegate for CPU.
3월 04, 2024 15:16:06.59 INFO: Created TensorFlow Lite XNNPACK delegate for CPU.
3월 04, 2024 15:27:57.56 INFO: Created TensorFlow Lite XNNPACK delegate for CPU.
3월 04, 2024 16:18:23.51 INFO: Created TensorFlow Lite XNNPACK delegate for CPU.

3월 05, 2024 09:23:45.57 NEW SESSION
3월 05, 2024 09:23:45.57 INFO: Created TensorFlow Lite XNNPACK delegate for CPU.
3월 05, 2024 09:24:49.64 INFO: Created TensorFlow Lite XNNPACK delegate for CPU.
3월 05, 2024 09:25:09.68 INFO: Created TensorFlow Lite XNNPACK delegate for CPU.
3월 05, 2024 09:33:51.12 INFO: Created TensorFlow Lite XNNPACK delegate for CPU.
3월 05, 2024 09:39:11.03 INFO: Created TensorFlow Lite XNNPACK delegate for CPU.
3월 05, 2024 10:40:19.18 INFO: Created TensorFlow Lite XNNPACK delegate for CPU.
3월 05, 2024 10:40:53.28 INFO: Created TensorFlow Lite XNNPACK delegate for CPU.
3월 05, 2024 10:44:29.06 INFO: Created TensorFlow Lite XNNPACK delegate for CPU.
3월 05, 2024 11:20:14.44 INFO: Created TensorFlow Lite XNNPACK delegate for CPU.
3월 05, 2024 11:20:30.24 INFO: Created TensorFlow Lite XNNPACK delegate for CPU.
3월 05, 2024 11:23:13.97 INFO: Created TensorFlow Lite XNNPACK delegate for CPU.
3월 05, 2024 11:24:07.36 INFO: Created TensorFlow Lite XNNPACK delegate for CPU.
3월 05, 2024 11:25:27.09 INFO: Created TensorFlow Lite XNNPACK delegate for CPU.
3월 05, 2024 11:31:03.35 INFO: Created TensorFlow Lite XNNPACK delegate for CPU.
3월 05, 2024 11:38:09.43 INFO: Created TensorFlow Lite XNNPACK delegate for CPU.
3월 05, 2024 12:21:52.18 INFO: Created TensorFlow Lite XNNPACK delegate for CPU.
3월 05, 2024 12:33:21.45 INFO: Created TensorFlow Lite XNNPACK delegate for CPU.
3월 05, 2024 12:34:09.02 INFO: Created TensorFlow Lite XNNPACK delegate for CPU.
3월 05, 2024 12:35:18.09 INFO: Created TensorFlow Lite XNNPACK delegate for CPU.
3월 05, 2024 12:44:46.96 INFO: Created TensorFlow Lite XNNPACK delegate for CPU.

3월 05, 2024 13:53:53.94 NEW SESSION
3월 05, 2024 13:53:53.95 INFO: Created TensorFlow Lite XNNPACK delegate for CPU.
3월 05, 2024 13:54:38.25 INFO: Created TensorFlow Lite XNNPACK delegate for CPU.
3월 05, 2024 13:57:02.53 INFO: Created TensorFlow Lite XNNPACK delegate for CPU.
3월 05, 2024 14:38:30.59 INFO: Created TensorFlow Lite XNNPACK delegate for CPU.
3월 05, 2024 14:40:34.36 INFO: Created TensorFlow Lite XNNPACK delegate for CPU.
3월 05, 2024 14:43:59.33 INFO: Created TensorFlow Lite XNNPACK delegate for CPU.
3월 05, 2024 14:44:47.46 INFO: Created TensorFlow Lite XNNPACK delegate for CPU.
3월 05, 2024 14:44:57.07 INFO: Created TensorFlow Lite XNNPACK delegate for CPU.
3월 05, 2024 14:49:05.63 INFO: Created TensorFlow Lite XNNPACK delegate for CPU.
3월 05, 2024 15:22:02.93 INFO: Created TensorFlow Lite XNNPACK delegate for CPU.
3월 05, 2024 15:26:34.76 INFO: Created TensorFlow Lite XNNPACK delegate for CPU.
3월 05, 2024 15:27:12.01 INFO: Created TensorFlow Lite XNNPACK delegate for CPU.
3월 05, 2024 15:40:34.19 INFO: Created TensorFlow Lite XNNPACK delegate for CPU.
3월 05, 2024 16:07:08.76 INFO: Created TensorFlow Lite XNNPACK delegate for CPU.
3월 05, 2024 16:18:11.83 INFO: Created TensorFlow Lite XNNPACK delegate for CPU.
3월 05, 2024 16:20:46.95 INFO: Created TensorFlow Lite XNNPACK delegate for CPU.
3월 05, 2024 16:21:20.81 INFO: Created TensorFlow Lite XNNPACK delegate for CPU.
3월 05, 2024 16:23:23.37 INFO: Created TensorFlow Lite XNNPACK delegate for CPU.
3월 05, 2024 16:25:38.72 INFO: Created TensorFlow Lite XNNPACK delegate for CPU.
3월 05, 2024 16:34:38.19 INFO: Created TensorFlow Lite XNNPACK delegate for CPU.
3월 05, 2024 16:38:17.32 INFO: Created TensorFlow Lite XNNPACK delegate for CPU.
3월 05, 2024 16:38:36.23 INFO: Created TensorFlow Lite XNNPACK delegate for CPU.
3월 05, 2024 16:42:04.05 INFO: Created TensorFlow Lite XNNPACK delegate for CPU.
3월 05, 2024 16:42:55.17 INFO: Created TensorFlow Lite XNNPACK delegate for CPU.
3월 05, 2024 16:44:46.03 INFO: Created TensorFlow Lite XNNPACK delegate for CPU.
3월 05, 2024 16:46:00.71 INFO: Created TensorFlow Lite XNNPACK delegate for CPU.
3월 05, 2024 17:12:58.74 INFO: Created TensorFlow Lite XNNPACK delegate for CPU.
3월 05, 2024 17:26:35.15 INFO: Created TensorFlow Lite XNNPACK delegate for CPU.
3월 05, 2024 17:38:20.28 INFO: Created TensorFlow Lite XNNPACK delegate for CPU.
3월 05, 2024 17:41:27.37 INFO: Created TensorFlow Lite XNNPACK delegate for CPU.

3월 05, 2024 20:30:00.65 NEW SESSION
3월 05, 2024 20:30:00.66 INFO: Created TensorFlow Lite XNNPACK delegate for CPU.

3월 06, 2024 09:31:50.68 NEW SESSION
3월 06, 2024 09:31:50.68 INFO: Created TensorFlow Lite XNNPACK delegate for CPU.
3월 06, 2024 10:16:49.88 INFO: Created TensorFlow Lite XNNPACK delegate for CPU.
3월 06, 2024 10:17:04.18 INFO: Created TensorFlow Lite XNNPACK delegate for CPU.
3월 06, 2024 10:39:28.39 INFO: Created TensorFlow Lite XNNPACK delegate for CPU.
3월 06, 2024 11:16:15.19 INFO: Created TensorFlow Lite XNNPACK delegate for CPU.
3월 06, 2024 12:32:22.37 INFO: Created TensorFlow Lite XNNPACK delegate for CPU.
3월 06, 2024 14:20:24.87 INFO: Created TensorFlow Lite XNNPACK delegate for CPU.
3월 06, 2024 14:20:51.77 INFO: Created TensorFlow Lite XNNPACK delegate for CPU.
3월 06, 2024 14:25:24.18 INFO: Created TensorFlow Lite XNNPACK delegate for CPU.
3월 06, 2024 14:26:08.77 INFO: Created TensorFlow Lite XNNPACK delegate for CPU.
3월 06, 2024 14:26:37.29 INFO: Created TensorFlow Lite XNNPACK delegate for CPU.
3월 06, 2024 14:27:46.33 INFO: Created TensorFlow Lite XNNPACK delegate for CPU.
3월 06, 2024 14:42:02.05 INFO: Created TensorFlow Lite XNNPACK delegate for CPU.
3월 06, 2024 15:50:55.01 INFO: Created TensorFlow Lite XNNPACK delegate for CPU.
3월 06, 2024 16:12:29.26 INFO: Created TensorFlow Lite XNNPACK delegate for CPU.
3월 06, 2024 16:15:13.97 INFO: Created TensorFlow Lite XNNPACK delegate for CPU.
3월 06, 2024 17:24:21.22 INFO: Created TensorFlow Lite XNNPACK delegate for CPU.

3월 07, 2024 09:15:15.07 NEW SESSION
3월 07, 2024 09:15:15.08 INFO: Created TensorFlow Lite XNNPACK delegate for CPU.
3월 07, 2024 09:49:49.92 INFO: Created TensorFlow Lite XNNPACK delegate for CPU.
3월 07, 2024 10:52:33.19 INFO: Created TensorFlow Lite XNNPACK delegate for CPU.
3월 07, 2024 11:39:56.41 INFO: Created TensorFlow Lite XNNPACK delegate for CPU.
3월 07, 2024 11:53:08.87 INFO: Created TensorFlow Lite XNNPACK delegate for CPU.
3월 07, 2024 12:41:15.28 INFO: Created TensorFlow Lite XNNPACK delegate for CPU.

3월 08, 2024 11:06:42.29 NEW SESSION
3월 08, 2024 11:06:42.31 INFO: Created TensorFlow Lite XNNPACK delegate for CPU.
3월 08, 2024 11:11:03.21 INFO: Created TensorFlow Lite XNNPACK delegate for CPU.
3월 08, 2024 11:52:58.35 INFO: Created TensorFlow Lite XNNPACK delegate for CPU.
3월 08, 2024 14:42:10.94 INFO: Created TensorFlow Lite XNNPACK delegate for CPU.
3월 08, 2024 15:11:11.15 INFO: Created TensorFlow Lite XNNPACK delegate for CPU.
3월 08, 2024 15:33:18.87 INFO: Created TensorFlow Lite XNNPACK delegate for CPU.
3월 08, 2024 15:33:31.27 INFO: Created TensorFlow Lite XNNPACK delegate for CPU.
3월 08, 2024 16:25:17.66 INFO: Created TensorFlow Lite XNNPACK delegate for CPU.
3월 08, 2024 16:35:24.53 INFO: Created TensorFlow Lite XNNPACK delegate for CPU.
3월 08, 2024 16:36:39.70 INFO: Created TensorFlow Lite XNNPACK delegate for CPU.

3월 11, 2024 09:18:05.05 NEW SESSION
3월 11, 2024 09:18:05.06 INFO: Created TensorFlow Lite XNNPACK delegate for CPU.
3월 11, 2024 10:00:02.90 INFO: Created TensorFlow Lite XNNPACK delegate for CPU.
3월 11, 2024 10:36:53.90 INFO: Created TensorFlow Lite XNNPACK delegate for CPU.
3월 11, 2024 10:42:00.11 INFO: Created TensorFlow Lite XNNPACK delegate for CPU.
3월 11, 2024 10:45:19.68 INFO: Created TensorFlow Lite XNNPACK delegate for CPU.
3월 11, 2024 12:20:05.82 INFO: Created TensorFlow Lite XNNPACK delegate for CPU.
3월 11, 2024 14:08:51.12 INFO: Created TensorFlow Lite XNNPACK delegate for CPU.
3월 11, 2024 14:27:15.22 INFO: Created TensorFlow Lite XNNPACK delegate for CPU.

3월 12, 2024 09:51:32.94 NEW SESSION
3월 12, 2024 09:51:32.94 INFO: Created TensorFlow Lite XNNPACK delegate for CPU.
